# JRE version: Java(TM) SE Runtime Environment (8.0_211-b12) (build 1.8.0_211-b12)
# Java VM: Java HotSpot(TM) 64-Bit Server VM (25.211-b12 mixed mode windows-amd64 compressed oops)
Heap:
 PSYoungGen      total 151552K, used 11604K [0x0000000716b80000, 0x0000000721480000, 0x00000007c0000000)
  eden space 130048K, 8% used [0x0000000716b80000,0x00000007176d5160,0x000000071ea80000)
  from space 21504K, 0% used [0x000000071ea80000,0x000000071ea80000,0x000000071ff80000)
  to   space 21504K, 0% used [0x000000071ff80000,0x000000071ff80000,0x0000000721480000)
 ParOldGen       total 347136K, used 6426K [0x00000005c4200000, 0x00000005d9500000, 0x0000000716b80000)
  object space 347136K, 1% used [0x00000005c4200000,0x00000005c4846a20,0x00000005d9500000)
 Metaspace       used 5826K, capacity 5934K, committed 6144K, reserved 1056768K
  class space    used 609K, capacity 657K, committed 768K, reserved 1048576K
GC Heap History (4 events):
Event: 13.604 GC heap before
{Heap before GC invocations=1 (full 0):
 PSYoungGen      total 151552K, used 67652K [0x0000000716b80000, 0x0000000721480000, 0x00000007c0000000)
  eden space 130048K, 52% used [0x0000000716b80000,0x000000071ad91280,0x000000071ea80000)
  from space 21504K, 0% used [0x000000071ff80000,0x000000071ff80000,0x0000000721480000)
  to   space 21504K, 0% used [0x000000071ea80000,0x000000071ea80000,0x000000071ff80000)
 ParOldGen       total 347136K, used 0K [0x00000005c4200000, 0x00000005d9500000, 0x0000000716b80000)
  object space 347136K, 0% used [0x00000005c4200000,0x00000005c4200000,0x00000005d9500000)
 Metaspace       used 5799K, capacity 5934K, committed 6144K, reserved 1056768K
  class space    used 605K, capacity 657K, committed 768K, reserved 1048576K
Event: 13.611 GC heap after
Heap after GC invocations=1 (full 0):
 PSYoungGen      total 151552K, used 6740K [0x0000000716b80000, 0x0000000721480000, 0x00000007c0000000)
  eden space 130048K, 0% used [0x0000000716b80000,0x0000000716b80000,0x000000071ea80000)
  from space 21504K, 31% used [0x000000071ea80000,0x000000071f115398,0x000000071ff80000)
  to   space 21504K, 0% used [0x000000071ff80000,0x000000071ff80000,0x0000000721480000)
 ParOldGen       total 347136K, used 16K [0x00000005c4200000, 0x00000005d9500000, 0x0000000716b80000)
  object space 347136K, 0% used [0x00000005c4200000,0x00000005c4204000,0x00000005d9500000)
 Metaspace       used 5799K, capacity 5934K, committed 6144K, reserved 1056768K
  class space    used 605K, capacity 657K, committed 768K, reserved 1048576K
}
Event: 13.611 GC heap before
{Heap before GC invocations=2 (full 1):
 PSYoungGen      total 151552K, used 6740K [0x0000000716b80000, 0x0000000721480000, 0x00000007c0000000)
  eden space 130048K, 0% used [0x0000000716b80000,0x0000000716b80000,0x000000071ea80000)
  from space 21504K, 31% used [0x000000071ea80000,0x000000071f115398,0x000000071ff80000)
  to   space 21504K, 0% used [0x000000071ff80000,0x000000071ff80000,0x0000000721480000)
 ParOldGen       total 347136K, used 16K [0x00000005c4200000, 0x00000005d9500000, 0x0000000716b80000)
  object space 347136K, 0% used [0x00000005c4200000,0x00000005c4204000,0x00000005d9500000)
 Metaspace       used 5799K, capacity 5934K, committed 6144K, reserved 1056768K
  class space    used 605K, capacity 657K, committed 768K, reserved 1048576K
Event: 13.625 GC heap after
Heap after GC invocations=2 (full 1):
 PSYoungGen      total 151552K, used 0K [0x0000000716b80000, 0x0000000721480000, 0x00000007c0000000)
  eden space 130048K, 0% used [0x0000000716b80000,0x0000000716b80000,0x000000071ea80000)
  from space 21504K, 0% used [0x000000071ea80000,0x000000071ea80000,0x000000071ff80000)
  to   space 21504K, 0% used [0x000000071ff80000,0x000000071ff80000,0x0000000721480000)
 ParOldGen       total 347136K, used 6426K [0x00000005c4200000, 0x00000005d9500000, 0x0000000716b80000)
  object space 347136K, 1% used [0x00000005c4200000,0x00000005c4846a20,0x00000005d9500000)
 Metaspace       used 5799K, capacity 5934K, committed 6144K, reserved 1056768K
  class space    used 605K, capacity 657K, committed 768K, reserved 1048576K
}

